0 info it worked if it ends with ok
1 verbose cli [ 'C:\\Program Files\\nodejs\\\\node.exe',
1 verbose cli   'C:\\Program Files\\nodejs\\node_modules\\npm\\bin\\npm-cli.js',
1 verbose cli   'publish' ]
2 info using npm@1.3.8
3 info using node@v0.10.18
4 verbose node symlink C:\Program Files\nodejs\\node.exe
5 verbose publish [ '.' ]
6 verbose cache add [ '.', null ]
7 verbose cache add name=undefined spec="." args=[".",null]
8 verbose parsed url { protocol: null,
8 verbose parsed url   slashes: null,
8 verbose parsed url   auth: null,
8 verbose parsed url   host: null,
8 verbose parsed url   port: null,
8 verbose parsed url   hostname: null,
8 verbose parsed url   hash: null,
8 verbose parsed url   search: null,
8 verbose parsed url   query: null,
8 verbose parsed url   pathname: '.',
8 verbose parsed url   path: '.',
8 verbose parsed url   href: '.' }
9 silly lockFile 3a52ce78- .
10 verbose lock . C:\Users\Alon\AppData\Roaming\npm-cache\3a52ce78-.lock
11 verbose tar pack [ 'C:\\Users\\Alon\\AppData\\Local\\Temp\\npm-6296-RcQrrY7s\\1381497168723-0.317389682168141\\tmp.tgz',
11 verbose tar pack   '.' ]
12 verbose tarball C:\Users\Alon\AppData\Local\Temp\npm-6296-RcQrrY7s\1381497168723-0.317389682168141\tmp.tgz
13 verbose folder .
14 silly lockFile 1f1177db-tar tar://.
15 verbose lock tar://. C:\Users\Alon\AppData\Roaming\npm-cache\1f1177db-tar.lock
16 silly lockFile 532e5fb7-168723-0-317389682168141-tmp-tgz tar://C:\Users\Alon\AppData\Local\Temp\npm-6296-RcQrrY7s\1381497168723-0.317389682168141\tmp.tgz
17 verbose lock tar://C:\Users\Alon\AppData\Local\Temp\npm-6296-RcQrrY7s\1381497168723-0.317389682168141\tmp.tgz C:\Users\Alon\AppData\Roaming\npm-cache\532e5fb7-168723-0-317389682168141-tmp-tgz.lock
18 silly lockFile 1f1177db-tar tar://.
19 silly lockFile 1f1177db-tar tar://.
20 silly lockFile 532e5fb7-168723-0-317389682168141-tmp-tgz tar://C:\Users\Alon\AppData\Local\Temp\npm-6296-RcQrrY7s\1381497168723-0.317389682168141\tmp.tgz
21 silly lockFile 532e5fb7-168723-0-317389682168141-tmp-tgz tar://C:\Users\Alon\AppData\Local\Temp\npm-6296-RcQrrY7s\1381497168723-0.317389682168141\tmp.tgz
22 verbose tar unpack C:\Users\Alon\AppData\Local\Temp\npm-6296-RcQrrY7s\1381497168723-0.317389682168141\tmp.tgz
23 silly lockFile 72b1bde5-168723-0-317389682168141-package tar://C:\Users\Alon\AppData\Local\Temp\npm-6296-RcQrrY7s\1381497168723-0.317389682168141\package
24 verbose lock tar://C:\Users\Alon\AppData\Local\Temp\npm-6296-RcQrrY7s\1381497168723-0.317389682168141\package C:\Users\Alon\AppData\Roaming\npm-cache\72b1bde5-168723-0-317389682168141-package.lock
25 silly lockFile 532e5fb7-168723-0-317389682168141-tmp-tgz tar://C:\Users\Alon\AppData\Local\Temp\npm-6296-RcQrrY7s\1381497168723-0.317389682168141\tmp.tgz
26 verbose lock tar://C:\Users\Alon\AppData\Local\Temp\npm-6296-RcQrrY7s\1381497168723-0.317389682168141\tmp.tgz C:\Users\Alon\AppData\Roaming\npm-cache\532e5fb7-168723-0-317389682168141-tmp-tgz.lock
27 silly gunzTarPerm modes [ '755', '644' ]
28 silly gunzTarPerm extractEntry package.json
29 silly gunzTarPerm modified mode [ 'package.json', 438, 420 ]
30 silly gunzTarPerm extractEntry .npmignore
31 silly gunzTarPerm modified mode [ '.npmignore', 438, 420 ]
32 silly gunzTarPerm extractEntry api.js
33 silly gunzTarPerm modified mode [ 'api.js', 438, 420 ]
34 silly gunzTarPerm extractEntry index.js
35 silly gunzTarPerm modified mode [ 'index.js', 438, 420 ]
36 silly gunzTarPerm extractEntry middleware.js
37 silly gunzTarPerm modified mode [ 'middleware.js', 438, 420 ]
38 silly gunzTarPerm extractEntry model.js
39 silly gunzTarPerm modified mode [ 'model.js', 438, 420 ]
40 silly gunzTarPerm extractEntry settings.js
41 silly gunzTarPerm modified mode [ 'settings.js', 438, 420 ]
42 silly gunzTarPerm extractEntry settings.prod.js
43 silly gunzTarPerm modified mode [ 'settings.prod.js', 438, 420 ]
44 silly gunzTarPerm extractEntry static/user/authentication.js
45 silly gunzTarPerm modified mode [ 'static/user/authentication.js', 438, 420 ]
46 silly lockFile 72b1bde5-168723-0-317389682168141-package tar://C:\Users\Alon\AppData\Local\Temp\npm-6296-RcQrrY7s\1381497168723-0.317389682168141\package
47 silly lockFile 72b1bde5-168723-0-317389682168141-package tar://C:\Users\Alon\AppData\Local\Temp\npm-6296-RcQrrY7s\1381497168723-0.317389682168141\package
48 silly lockFile 532e5fb7-168723-0-317389682168141-tmp-tgz tar://C:\Users\Alon\AppData\Local\Temp\npm-6296-RcQrrY7s\1381497168723-0.317389682168141\tmp.tgz
49 silly lockFile 532e5fb7-168723-0-317389682168141-tmp-tgz tar://C:\Users\Alon\AppData\Local\Temp\npm-6296-RcQrrY7s\1381497168723-0.317389682168141\tmp.tgz
50 verbose tar pack [ 'C:\\Users\\Alon\\AppData\\Roaming\\npm-cache\\moon-contrib-user\\0.0.1\\package.tgz',
50 verbose tar pack   'C:\\Users\\Alon\\AppData\\Local\\Temp\\npm-6296-RcQrrY7s\\1381497168723-0.317389682168141\\package' ]
51 verbose tarball C:\Users\Alon\AppData\Roaming\npm-cache\moon-contrib-user\0.0.1\package.tgz
52 verbose folder C:\Users\Alon\AppData\Local\Temp\npm-6296-RcQrrY7s\1381497168723-0.317389682168141\package
53 silly lockFile 72b1bde5-168723-0-317389682168141-package tar://C:\Users\Alon\AppData\Local\Temp\npm-6296-RcQrrY7s\1381497168723-0.317389682168141\package
54 verbose lock tar://C:\Users\Alon\AppData\Local\Temp\npm-6296-RcQrrY7s\1381497168723-0.317389682168141\package C:\Users\Alon\AppData\Roaming\npm-cache\72b1bde5-168723-0-317389682168141-package.lock
55 silly lockFile 2c9ea5c6-n-contrib-user-0-0-1-package-tgz tar://C:\Users\Alon\AppData\Roaming\npm-cache\moon-contrib-user\0.0.1\package.tgz
56 verbose lock tar://C:\Users\Alon\AppData\Roaming\npm-cache\moon-contrib-user\0.0.1\package.tgz C:\Users\Alon\AppData\Roaming\npm-cache\2c9ea5c6-n-contrib-user-0-0-1-package-tgz.lock
57 silly lockFile 72b1bde5-168723-0-317389682168141-package tar://C:\Users\Alon\AppData\Local\Temp\npm-6296-RcQrrY7s\1381497168723-0.317389682168141\package
58 silly lockFile 72b1bde5-168723-0-317389682168141-package tar://C:\Users\Alon\AppData\Local\Temp\npm-6296-RcQrrY7s\1381497168723-0.317389682168141\package
59 silly lockFile 2c9ea5c6-n-contrib-user-0-0-1-package-tgz tar://C:\Users\Alon\AppData\Roaming\npm-cache\moon-contrib-user\0.0.1\package.tgz
60 silly lockFile 2c9ea5c6-n-contrib-user-0-0-1-package-tgz tar://C:\Users\Alon\AppData\Roaming\npm-cache\moon-contrib-user\0.0.1\package.tgz
61 silly lockFile 95ee262f--moon-contrib-user-0-0-1-package C:\Users\Alon\AppData\Roaming\npm-cache\moon-contrib-user\0.0.1\package
62 verbose lock C:\Users\Alon\AppData\Roaming\npm-cache\moon-contrib-user\0.0.1\package C:\Users\Alon\AppData\Roaming\npm-cache\95ee262f--moon-contrib-user-0-0-1-package.lock
63 silly lockFile 95ee262f--moon-contrib-user-0-0-1-package C:\Users\Alon\AppData\Roaming\npm-cache\moon-contrib-user\0.0.1\package
64 silly lockFile 95ee262f--moon-contrib-user-0-0-1-package C:\Users\Alon\AppData\Roaming\npm-cache\moon-contrib-user\0.0.1\package
65 verbose tar unpack C:\Users\Alon\AppData\Roaming\npm-cache\moon-contrib-user\0.0.1\package.tgz
66 silly lockFile 76ced569--moon-contrib-user-0-0-1-package tar://C:\Users\Alon\AppData\Roaming\npm-cache\moon-contrib-user\0.0.1\package
67 verbose lock tar://C:\Users\Alon\AppData\Roaming\npm-cache\moon-contrib-user\0.0.1\package C:\Users\Alon\AppData\Roaming\npm-cache\76ced569--moon-contrib-user-0-0-1-package.lock
68 silly lockFile 2c9ea5c6-n-contrib-user-0-0-1-package-tgz tar://C:\Users\Alon\AppData\Roaming\npm-cache\moon-contrib-user\0.0.1\package.tgz
69 verbose lock tar://C:\Users\Alon\AppData\Roaming\npm-cache\moon-contrib-user\0.0.1\package.tgz C:\Users\Alon\AppData\Roaming\npm-cache\2c9ea5c6-n-contrib-user-0-0-1-package-tgz.lock
70 silly gunzTarPerm modes [ '755', '644' ]
71 silly gunzTarPerm extractEntry package.json
72 silly gunzTarPerm modified mode [ 'package.json', 438, 420 ]
73 silly gunzTarPerm extractEntry .npmignore
74 silly gunzTarPerm modified mode [ '.npmignore', 438, 420 ]
75 silly gunzTarPerm extractEntry api.js
76 silly gunzTarPerm modified mode [ 'api.js', 438, 420 ]
77 silly gunzTarPerm extractEntry index.js
78 silly gunzTarPerm modified mode [ 'index.js', 438, 420 ]
79 silly gunzTarPerm extractEntry middleware.js
80 silly gunzTarPerm modified mode [ 'middleware.js', 438, 420 ]
81 silly gunzTarPerm extractEntry model.js
82 silly gunzTarPerm modified mode [ 'model.js', 438, 420 ]
83 silly gunzTarPerm extractEntry settings.js
84 silly gunzTarPerm modified mode [ 'settings.js', 438, 420 ]
85 silly gunzTarPerm extractEntry settings.prod.js
86 silly gunzTarPerm modified mode [ 'settings.prod.js', 438, 420 ]
87 silly gunzTarPerm extractEntry static/user/authentication.js
88 silly gunzTarPerm modified mode [ 'static/user/authentication.js', 438, 420 ]
89 silly lockFile 76ced569--moon-contrib-user-0-0-1-package tar://C:\Users\Alon\AppData\Roaming\npm-cache\moon-contrib-user\0.0.1\package
90 silly lockFile 76ced569--moon-contrib-user-0-0-1-package tar://C:\Users\Alon\AppData\Roaming\npm-cache\moon-contrib-user\0.0.1\package
91 silly lockFile 2c9ea5c6-n-contrib-user-0-0-1-package-tgz tar://C:\Users\Alon\AppData\Roaming\npm-cache\moon-contrib-user\0.0.1\package.tgz
92 silly lockFile 2c9ea5c6-n-contrib-user-0-0-1-package-tgz tar://C:\Users\Alon\AppData\Roaming\npm-cache\moon-contrib-user\0.0.1\package.tgz
93 verbose chmod C:\Users\Alon\AppData\Roaming\npm-cache\moon-contrib-user\0.0.1\package.tgz 644
94 silly chown skipping for windows C:\Users\Alon\AppData\Roaming\npm-cache\moon-contrib-user\0.0.1\package.tgz
95 silly lockFile 3a52ce78- .
96 silly lockFile 3a52ce78- .
97 silly publish { name: 'moon-contrib-user',
97 silly publish   version: '0.0.1',
97 silly publish   author: { name: 'Illniyar' },
97 silly publish   description: 'an authentication module for moonshine-js',
97 silly publish   private: true,
97 silly publish   repository:
97 silly publish    { type: 'git',
97 silly publish      url: 'git://github.com/Illniyar/moon-contrib-user' },
97 silly publish   licenses: { type: 'MIT', url: 'http://opensource.org/licenses/MIT' },
97 silly publish   homepage: 'https://github.com/Illniyar/moon-contrib-user',
97 silly publish   peerDependencies: { 'moonshine-js': '*', passport: '*' },
97 silly publish   devDependencies: { 'moonshine-js': '*', passport: '*' },
97 silly publish   bugs: { url: 'https://github.com/Illniyar/moon-contrib-user/issues' },
97 silly publish   readme: 'ERROR: No README data found!',
97 silly publish   _id: 'moon-contrib-user@0.0.1',
97 silly publish   dist: { shasum: 'fff7b66d21d0088c2ca0b3cd8688d80c9da0ba07' },
97 silly publish   _from: '.' }
98 error Error: This package has been marked as private
98 error Remove the 'private' field from the package.json to publish it.
98 error     at publish_ (C:\Program Files\nodejs\node_modules\npm\lib\publish.js:90:31)
98 error     at Array.1 (C:\Program Files\nodejs\node_modules\npm\node_modules\slide\lib\bind-actor.js:15:8)
98 error     at LOOP (C:\Program Files\nodejs\node_modules\npm\node_modules\slide\lib\chain.js:15:14)
98 error     at LOOP (C:\Program Files\nodejs\node_modules\npm\node_modules\slide\lib\chain.js:14:28)
98 error     at chain (C:\Program Files\nodejs\node_modules\npm\node_modules\slide\lib\chain.js:20:5)
98 error     at C:\Program Files\nodejs\node_modules\npm\lib\publish.js:59:5
98 error     at C:\Program Files\nodejs\node_modules\npm\lib\cache.js:809:14
98 error     at C:\Program Files\nodejs\node_modules\npm\node_modules\lockfile\lockfile.js:55:41
98 error     at Object.oncomplete (fs.js:107:15)
99 error If you need help, you may report this log at:
99 error     <http://github.com/isaacs/npm/issues>
99 error or email it to:
99 error     <npm-@googlegroups.com>
100 error System Windows_NT 6.1.7601
101 error command "C:\\Program Files\\nodejs\\\\node.exe" "C:\\Program Files\\nodejs\\node_modules\\npm\\bin\\npm-cli.js" "publish"
102 error cwd D:\Alon saves\projects\Javascript\moon-contrib-user
103 error node -v v0.10.18
104 error npm -v 1.3.8
105 verbose exit [ 1, true ]
